Arguments: 
  /usr/local/Cellar/node/9.8.0/bin/node /usr/local/Cellar/yarn/1.5.1_1/libexec/bin/yarn.js run grunt --trace

PATH: 
  /Users/paulh16/.gem/ruby/2.4.3/bin:/opt/rubies/ruby-2.4.3/lib/ruby/gems/2.4.0/bin:/opt/rubies/ruby-2.4.3/bin:/Users/paulh16/google-cloud-sdk/bin:/Users/paulh16/.bin:/usr/local/bin:/usr/local/heroku/bin:/usr/local/sbin:/usr/bin:/usr/sbin:/bin:/sbin:/Users/paulh16/thoughtbot/dotfiles/bin:/usr/local/go/bin

Yarn version: 
  1.5.1

Node version: 
  9.8.0

Platform: 
  darwin x64

npm manifest: 
  {
    "name": "artdiversions",
    "version": "0.1.0",
    "scripts": {
        "grunt": "grunt"
    },
    "devDependencies": {
      "grunt": "~0.4.2",
      "grunt-contrib-concat": "~0.3.0",
      "grunt-contrib-uglify": "~0.3.0",
      "grunt-contrib-imagemin": "^0.5.0",
      "grunt-contrib-watch": "~0.5.3",
      "grunt-contrib-sass": "~0.6.0",
      "grunt-autoprefixer": "~0.6.4",
      "load-grunt-config": "^0.7.1"
    }
  }

yarn manifest: 
  No manifest

Lockfile: 
  # THIS IS AN AUTOGENERATED FILE. DO NOT EDIT THIS FILE DIRECTLY.
  # yarn lockfile v1
  
  
  abbrev@1:
    version "1.1.1"
    resolved "https://registry.yarnpkg.com/abbrev/-/abbrev-1.1.1.tgz#f8f2c887ad10bf67f634f005b6987fed3179aac8"
  
  adm-zip@^0.4.3:
    version "0.4.11"
    resolved "https://registry.yarnpkg.com/adm-zip/-/adm-zip-0.4.11.tgz#2aa54c84c4b01a9d0fb89bb11982a51f13e3d62a"
  
  ajv@^5.1.0:
    version "5.5.2"
    resolved "https://registry.yarnpkg.com/ajv/-/ajv-5.5.2.tgz#73b5eeca3fab653e3d3f9422b341ad42205dc965"
    dependencies:
      co "^4.6.0"
      fast-deep-equal "^1.0.0"
      fast-json-stable-stringify "^2.0.0"
      json-schema-traverse "^0.3.0"
  
  amdefine@>=0.0.4:
    version "1.0.1"
    resolved "https://registry.yarnpkg.com/amdefine/-/amdefine-1.0.1.tgz#4a5282ac164729e93619bcfd3ad151f817ce91f5"
  
  ansi-regex@^2.0.0:
    version "2.1.1"
    resolved "https://registry.yarnpkg.com/ansi-regex/-/ansi-regex-2.1.1.tgz#c3b33ab5ee360d86e0e628f0468ae7ef27d654df"
  
  ansi-styles@^2.2.1:
    version "2.2.1"
    resolved "https://registry.yarnpkg.com/ansi-styles/-/ansi-styles-2.2.1.tgz#b432dd3358b634cf75e1e4664368240533c1ddbe"
  
  ansi-styles@~1.0.0:
    version "1.0.0"
    resolved "https://registry.yarnpkg.com/ansi-styles/-/ansi-styles-1.0.0.tgz#cb102df1c56f5123eab8b67cd7b98027a0279178"
  
  "argparse@~ 0.1.11":
    version "0.1.16"
    resolved "https://registry.yarnpkg.com/argparse/-/argparse-0.1.16.tgz#cfd01e0fbba3d6caed049fbd758d40f65196f57c"
    dependencies:
      underscore "~1.7.0"
      underscore.string "~2.4.0"
  
  asn1@~0.2.3:
    version "0.2.3"
    resolved "https://registry.yarnpkg.com/asn1/-/asn1-0.2.3.tgz#dac8787713c9966849fc8180777ebe9c1ddf3b86"
  
  assert-plus@1.0.0, assert-plus@^1.0.0:
    version "1.0.0"
    resolved "https://registry.yarnpkg.com/assert-plus/-/assert-plus-1.0.0.tgz#f12e0f3c5d77b0b1cdd9146942e4e96c1e4dd525"
  
  async@~0.1.22:
    version "0.1.22"
    resolved "https://registry.yarnpkg.com/async/-/async-0.1.22.tgz#0fc1aaa088a0e3ef0ebe2d8831bab0dcf8845061"
  
  async@~0.2.6, async@~0.2.9:
    version "0.2.10"
    resolved "https://registry.yarnpkg.com/async/-/async-0.2.10.tgz#b6bbe0b0674b9d719708ca38de8c237cb526c3d1"
  
  asynckit@^0.4.0:
    version "0.4.0"
    resolved "https://registry.yarnpkg.com/asynckit/-/asynckit-0.4.0.tgz#c79ed97f7f34cb8f2ba1bc9790bcc366474b4b79"
  
  autoprefixer@~1.0.20140117:
    version "1.0.20140213"
    resolved "https://registry.yarnpkg.com/autoprefixer/-/autoprefixer-1.0.20140213.tgz#2557eaddf931421676b65d0445fa0acdc459a054"
    dependencies:
      fs-extra "~0.8.1"
      postcss "~0.2"
  
  aws-sign2@~0.7.0:
    version "0.7.0"
    resolved "https://registry.yarnpkg.com/aws-sign2/-/aws-sign2-0.7.0.tgz#b46e890934a9591f2d2f6f86d7e6a9f1b3fe76a8"
  
  aws4@^1.6.0:
    version "1.7.0"
    resolved "https://registry.yarnpkg.com/aws4/-/aws4-1.7.0.tgz#d4d0e9b9dbfca77bf08eeb0a8a471550fe39e289"
  
  balanced-match@^1.0.0:
    version "1.0.0"
    resolved "https://registry.yarnpkg.com/balanced-match/-/balanced-match-1.0.0.tgz#89b4d199ab2bee49de164ea02b89ce462d71b767"
  
  bcrypt-pbkdf@^1.0.0:
    version "1.0.2"
    resolved "https://registry.yarnpkg.com/bcrypt-pbkdf/-/bcrypt-pbkdf-1.0.2.tgz#a4301d389b6a43f9b67ff3ca11a3f6637e360e9e"
    dependencies:
      tweetnacl "^0.14.3"
  
  bin-build@^0.1.0:
    version "0.1.1"
    resolved "https://registry.yarnpkg.com/bin-build/-/bin-build-0.1.1.tgz#d337b34f1040529f9fea9b2a3e2a4a0fda2d3df4"
    dependencies:
      download "^0.1.16"
      rimraf "^2.2.6"
      tempfile "^0.1.3"
  
  bin-check@^0.1.0:
    version "0.1.5"
    resolved "https://registry.yarnpkg.com/bin-check/-/bin-check-0.1.5.tgz#e2438f3d06ea0fa7fa5940e78fe5775f4634254a"
    dependencies:
      executable "^0.1.0"
  
  bin-wrapper@^0.3.0:
    version "0.3.4"
    resolved "https://registry.yarnpkg.com/bin-wrapper/-/bin-wrapper-0.3.4.tgz#40c47e742d36d0c675fec7b1d37c403b92836e2f"
    dependencies:
      bin-check "^0.1.0"
      download "^0.1.2"
      find-file "^0.1.2"
  
  block-stream@*:
    version "0.0.9"
    resolved "https://registry.yarnpkg.com/block-stream/-/block-stream-0.0.9.tgz#13ebfe778a03205cfe03751481ebb4b3300c126a"
    dependencies:
      inherits "~2.0.0"
  
  brace-expansion@^1.1.7:
    version "1.1.11"
    resolved "https://registry.yarnpkg.com/brace-expansion/-/brace-expansion-1.1.11.tgz#3c7fcbf529d87226f3d2f52b966ff5271eb441dd"
    dependencies:
      balanced-match "^1.0.0"
      concat-map "0.0.1"
  
  camelcase@^1.0.2:
    version "1.2.1"
    resolved "https://registry.yarnpkg.com/camelcase/-/camelcase-1.2.1.tgz#9bb5304d2e0b56698b2c758b08a3eaa9daa58a39"
  
  caseless@~0.12.0:
    version "0.12.0"
    resolved "https://registry.yarnpkg.com/caseless/-/caseless-0.12.0.tgz#1b681c21ff84033c826543090689420d187151dc"
  
  chalk@^1.0.0:
    version "1.1.3"
    resolved "https://registry.yarnpkg.com/chalk/-/chalk-1.1.3.tgz#a8115c55e4a702fe4d150abd3872822a7e09fc98"
    dependencies:
      ansi-styles "^2.2.1"
      escape-string-regexp "^1.0.2"
      has-ansi "^2.0.0"
      strip-ansi "^3.0.0"
      supports-color "^2.0.0"
  
  chalk@~0.4.0:
    version "0.4.0"
    resolved "https://registry.yarnpkg.com/chalk/-/chalk-0.4.0.tgz#5199a3ddcd0c1efe23bc08c1b027b06176e0c64f"
    dependencies:
      ansi-styles "~1.0.0"
      has-color "~0.1.0"
      strip-ansi "~0.1.0"
  
  co@^4.6.0:
    version "4.6.0"
    resolved "https://registry.yarnpkg.com/co/-/co-4.6.0.tgz#6ea6bdf3d853ae54ccb8e47bfa0bf3f9031fb184"
  
  coffee-script@~1.3.3:
    version "1.3.3"
    resolved "https://registry.yarnpkg.com/coffee-script/-/coffee-script-1.3.3.tgz#150d6b4cb522894369efed6a2101c20bc7f4a4f4"
  
  colors@~0.6.2:
    version "0.6.2"
    resolved "https://registry.yarnpkg.com/colors/-/colors-0.6.2.tgz#2423fe6678ac0c5dae8852e5d0e5be08c997abcc"
  
  combined-stream@1.0.6, combined-stream@~1.0.5:
    version "1.0.6"
    resolved "https://registry.yarnpkg.com/combined-stream/-/combined-stream-1.0.6.tgz#723e7df6e801ac5613113a7e445a9b69cb632818"
    dependencies:
      delayed-stream "~1.0.0"
  
  concat-map@0.0.1:
    version "0.0.1"
    resolved "https://registry.yarnpkg.com/concat-map/-/concat-map-0.0.1.tgz#d8a96bd77fd68df7793a73036a3ba0d5405d477b"
  
  core-util-is@1.0.2, core-util-is@~1.0.0:
    version "1.0.2"
    resolved "https://registry.yarnpkg.com/core-util-is/-/core-util-is-1.0.2.tgz#b5fd54220aa2bc5ab57aab7140c940754503c1a7"
  
  dargs@~0.1.0:
    version "0.1.0"
    resolved "https://registry.yarnpkg.com/dargs/-/dargs-0.1.0.tgz#2364ad9f441f976dcd5fe9961e21715665a5e3c3"
  
  dashdash@^1.12.0:
    version "1.14.1"
    resolved "https://registry.yarnpkg.com/dashdash/-/dashdash-1.14.1.tgz#853cfa0f7cbe2fed5de20326b8dd581035f6e2f0"
    dependencies:
      assert-plus "^1.0.0"
  
  dateformat@1.0.2-1.2.3:
    version "1.0.2-1.2.3"
    resolved "https://registry.yarnpkg.com/dateformat/-/dateformat-1.0.2-1.2.3.tgz#b0220c02de98617433b72851cf47de3df2cdbee9"
  
  debug@~0.7.0:
    version "0.7.4"
    resolved "https://registry.yarnpkg.com/debug/-/debug-0.7.4.tgz#06e1ea8082c2cb14e39806e22e2f6f757f92af39"
  
  decamelize@^1.0.0:
    version "1.2.0"
    resolved "https://registry.yarnpkg.com/decamelize/-/decamelize-1.2.0.tgz#f6534d15148269b20352e7bee26f501f9a191290"
  
  decompress@^0.2.5:
    version "0.2.5"
    resolved "https://registry.yarnpkg.com/decompress/-/decompress-0.2.5.tgz#d213233efe066ccd80d914d793f1b30cd984b847"
    dependencies:
      adm-zip "^0.4.3"
      ext-name "^1.0.0"
      get-stdin "^0.1.0"
      mkdirp "^0.3.5"
      nopt "^2.2.0"
      rimraf "^2.2.2"
      stream-combiner "^0.0.4"
      tar "^0.1.18"
      tempfile "^0.1.2"
  
  delayed-stream@~1.0.0:
    version "1.0.0"
    resolved "https://registry.yarnpkg.com/delayed-stream/-/delayed-stream-1.0.0.tgz#df3ae199acadfb7d440aaae0b29e2272b24ec619"
  
  diff@~1.0.8:
    version "1.0.8"
    resolved "https://registry.yarnpkg.com/diff/-/diff-1.0.8.tgz#343276308ec991b7bc82267ed55bc1411f971666"
  
  download@^0.1.16, download@^0.1.2:
    version "0.1.19"
    resolved "https://registry.yarnpkg.com/download/-/download-0.1.19.tgz#1ad3e5a4177e46b41ac08e41a84c87e3c43485a0"
    dependencies:
      decompress "^0.2.5"
      each-async "^0.1.1"
      get-stdin "^0.1.0"
      get-urls "^0.1.1"
      mkdirp "^0.3.5"
      nopt "^2.2.0"
      request "^2.34.0"
      through2 "^0.4.0"
  
  duplexer@~0.1.1:
    version "0.1.1"
    resolved "https://registry.yarnpkg.com/duplexer/-/duplexer-0.1.1.tgz#ace6ff808c1ce66b57d1ebf97977acb02334cfc1"
  
  each-async@^0.1.1:
    version "0.1.3"
    resolved "https://registry.yarnpkg.com/each-async/-/each-async-0.1.3.tgz#b436025b08da2f86608025519e3096763dedfca3"
  
  ecc-jsbn@~0.1.1:
    version "0.1.1"
    resolved "https://registry.yarnpkg.com/ecc-jsbn/-/ecc-jsbn-0.1.1.tgz#0fc73a9ed5f0d53c38193398523ef7e543777505"
    dependencies:
      jsbn "~0.1.0"
  
  escape-string-regexp@^1.0.2:
    version "1.0.5"
    resolved "https://registry.yarnpkg.com/escape-string-regexp/-/escape-string-regexp-1.0.5.tgz#1b61c0562190a8dff6ae3bb2cf0200ca130b86d4"
  
  "esprima@~ 1.0.2":
    version "1.0.4"
    resolved "https://registry.yarnpkg.com/esprima/-/esprima-1.0.4.tgz#9f557e08fc3b4d26ece9dd34f8fbf476b62585ad"
  
  eventemitter2@~0.4.13:
    version "0.4.14"
    resolved "https://registry.yarnpkg.com/eventemitter2/-/eventemitter2-0.4.14.tgz#8f61b75cde012b2e9eb284d4545583b5643b61ab"
  
  executable@^0.1.0:
    version "0.1.3"
    resolved "https://registry.yarnpkg.com/executable/-/executable-0.1.3.tgz#227cb205720631de150708e733909684dc67e1d8"
  
  exit@~0.1.1:
    version "0.1.2"
    resolved "https://registry.yarnpkg.com/exit/-/exit-0.1.2.tgz#0632638f8d877cc82107d30a0fff1a17cba1cd0c"
  
  ext-list@^0.2.0:
    version "0.2.0"
    resolved "https://registry.yarnpkg.com/ext-list/-/ext-list-0.2.0.tgz#3614d5f299f4a592a89629e7de825f1774d19abd"
    dependencies:
      got "^0.2.0"
  
  ext-name@^1.0.0:
    version "1.0.1"
    resolved "https://registry.yarnpkg.com/ext-name/-/ext-name-1.0.1.tgz#18283356dc40a393455c54460f0599ce97d30e0c"
    dependencies:
      ext-list "^0.2.0"
      underscore.string "~2.3.3"
  
  extend@~3.0.1:
    version "3.0.1"
    resolved "https://registry.yarnpkg.com/extend/-/extend-3.0.1.tgz#a755ea7bc1adfcc5a31ce7e762dbaadc5e636444"
  
  extsprintf@1.3.0:
    version "1.3.0"
    resolved "https://registry.yarnpkg.com/extsprintf/-/extsprintf-1.3.0.tgz#96918440e3041a7a414f8c52e3c574eb3c3e1e05"
  
  extsprintf@^1.2.0:
    version "1.4.0"
    resolved "https://registry.yarnpkg.com/extsprintf/-/extsprintf-1.4.0.tgz#e2689f8f356fad62cca65a3a91c5df5f9551692f"
  
  fast-deep-equal@^1.0.0:
    version "1.1.0"
    resolved "https://registry.yarnpkg.com/fast-deep-equal/-/fast-deep-equal-1.1.0.tgz#c053477817c86b51daa853c81e059b733d023614"
  
  fast-json-stable-stringify@^2.0.0:
    version "2.0.0"
    resolved "https://registry.yarnpkg.com/fast-json-stable-stringify/-/fast-json-stable-stringify-2.0.0.tgz#d5142c0caee6b1189f87d3a76111064f86c8bbf2"
  
  faye-websocket@~0.4.3:
    version "0.4.4"
    resolved "https://registry.yarnpkg.com/faye-websocket/-/faye-websocket-0.4.4.tgz#c14c5b3bf14d7417ffbfd990c0a7495cd9f337bc"
  
  filesize@~2.0.0:
    version "2.0.4"
    resolved "https://registry.yarnpkg.com/filesize/-/filesize-2.0.4.tgz#7805941c60fcdfe63f46d7ea358c59ade11c1325"
  
  find-file@^0.1.2:
    version "0.1.4"
    resolved "https://registry.yarnpkg.com/find-file/-/find-file-0.1.4.tgz#f806bb8132a8265232bf1c9ef95ba0746511d871"
  
  findup-sync@~0.1.2:
    version "0.1.3"
    resolved "https://registry.yarnpkg.com/findup-sync/-/findup-sync-0.1.3.tgz#7f3e7a97b82392c653bf06589bd85190e93c3683"
    dependencies:
      glob "~3.2.9"
      lodash "~2.4.1"
  
  findup-sync@~0.3.0:
    version "0.3.0"
    resolved "https://registry.yarnpkg.com/findup-sync/-/findup-sync-0.3.0.tgz#37930aa5d816b777c03445e1966cc6790a4c0b16"
    dependencies:
      glob "~5.0.0"
  
  forever-agent@~0.6.1:
    version "0.6.1"
    resolved "https://registry.yarnpkg.com/forever-agent/-/forever-agent-0.6.1.tgz#fbc71f0c41adeb37f96c577ad1ed42d8fdacca91"
  
  form-data@~2.3.1:
    version "2.3.2"
    resolved "https://registry.yarnpkg.com/form-data/-/form-data-2.3.2.tgz#4970498be604c20c005d4f5c23aecd21d6b49099"
    dependencies:
      asynckit "^0.4.0"
      combined-stream "1.0.6"
      mime-types "^2.1.12"
  
  fs-extra@~0.8.1:
    version "0.8.1"
    resolved "https://registry.yarnpkg.com/fs-extra/-/fs-extra-0.8.1.tgz#0e5779ffbfedf511bc755595c7f03c06d4b43e8d"
    dependencies:
      jsonfile "~1.1.0"
      mkdirp "0.3.x"
      ncp "~0.4.2"
      rimraf "~2.2.0"
  
  fs.realpath@^1.0.0:
    version "1.0.0"
    resolved "https://registry.yarnpkg.com/fs.realpath/-/fs.realpath-1.0.0.tgz#1504ad2523158caa40db4a2787cb01411994ea4f"
  
  fstream@~0.1.28:
    version "0.1.31"
    resolved "https://registry.yarnpkg.com/fstream/-/fstream-0.1.31.tgz#7337f058fbbbbefa8c9f561a28cab0849202c988"
    dependencies:
      graceful-fs "~3.0.2"
      inherits "~2.0.0"
      mkdirp "0.5"
      rimraf "2"
  
  gaze@~0.4.0:
    version "0.4.3"
    resolved "https://registry.yarnpkg.com/gaze/-/gaze-0.4.3.tgz#e538f4ff5e4fe648f473a97e1ebb253d2de127b5"
    dependencies:
      globule "~0.1.0"
  
  get-stdin@^0.1.0:
    version "0.1.0"
    resolved "https://registry.yarnpkg.com/get-stdin/-/get-stdin-0.1.0.tgz#5998af24aafc802d15c82c685657eeb8b10d4a91"
  
  get-urls@^0.1.1:
    version "0.1.2"
    resolved "https://registry.yarnpkg.com/get-urls/-/get-urls-0.1.2.tgz#92a3e5ce2b9af2d2764ff5198681db373227b844"
  
  getobject@~0.1.0:
    version "0.1.0"
    resolved "https://registry.yarnpkg.com/getobject/-/getobject-0.1.0.tgz#047a449789fa160d018f5486ed91320b6ec7885c"
  
  getpass@^0.1.1:
    version "0.1.7"
    resolved "https://registry.yarnpkg.com/getpass/-/getpass-0.1.7.tgz#5eff8e3e684d569ae4cb2b1282604e8ba62149fa"
    dependencies:
      assert-plus "^1.0.0"
  
  gifsicle@~0.1.0:
    version "0.1.7"
    resolved "https://registry.yarnpkg.com/gifsicle/-/gifsicle-0.1.7.tgz#d6b1d66f71d7d583d7daa5e560a9130127727b4b"
    dependencies:
      bin-build "^0.1.0"
      bin-wrapper "^0.3.0"
      log-symbols "^1.0.0"
  
  glob@^7.0.5:
    version "7.1.2"
    resolved "https://registry.yarnpkg.com/glob/-/glob-7.1.2.tgz#c19c9df9a028702d678612384a6552404c636d15"
    dependencies:
      fs.realpath "^1.0.0"
      inflight "^1.0.4"
      inherits "2"
      minimatch "^3.0.4"
      once "^1.3.0"
      path-is-absolute "^1.0.0"
  
  glob@~3.1.21:
    version "3.1.21"
    resolved "https://registry.yarnpkg.com/glob/-/glob-3.1.21.tgz#d29e0a055dea5138f4d07ed40e8982e83c2066cd"
    dependencies:
      graceful-fs "~1.2.0"
      inherits "1"
      minimatch "~0.2.11"
  
  glob@~3.2.6, glob@~3.2.7, glob@~3.2.9:
    version "3.2.11"
    resolved "https://registry.yarnpkg.com/glob/-/glob-3.2.11.tgz#4a973f635b9190f715d10987d5c00fd2815ebe3d"
    dependencies:
      inherits "2"
      minimatch "0.3"
  
  glob@~5.0.0:
    version "5.0.15"
    resolved "https://registry.yarnpkg.com/glob/-/glob-5.0.15.tgz#1bc936b9e02f4a603fcc222ecf7633d30b8b93b1"
    dependencies:
      inflight "^1.0.4"
      inherits "2"
      minimatch "2 || 3"
      once "^1.3.0"
      path-is-absolute "^1.0.0"
  
  globule@~0.1.0:
    version "0.1.0"
    resolved "https://registry.yarnpkg.com/globule/-/globule-0.1.0.tgz#d9c8edde1da79d125a151b79533b978676346ae5"
    dependencies:
      glob "~3.1.21"
      lodash "~1.0.1"
      minimatch "~0.2.11"
  
  globule@~0.2.0:
    version "0.2.0"
    resolved "https://registry.yarnpkg.com/globule/-/globule-0.2.0.tgz#26b64d10e1edcab6098d8fe00bd2b73cca08a8fb"
    dependencies:
      glob "~3.2.7"
      lodash "~2.4.1"
      minimatch "~0.2.11"
  
  got@^0.2.0:
    version "0.2.0"
    resolved "https://registry.yarnpkg.com/got/-/got-0.2.0.tgz#d00c248b29fdccaea940df9ca0995ebff31b51a5"
    dependencies:
      object-assign "^0.3.0"
  
  graceful-fs@~1.2.0:
    version "1.2.3"
    resolved "https://registry.yarnpkg.com/graceful-fs/-/graceful-fs-1.2.3.tgz#15a4806a57547cb2d2dbf27f42e89a8c3451b364"
  
  graceful-fs@~3.0.2:
    version "3.0.11"
    resolved "https://registry.yarnpkg.com/graceful-fs/-/graceful-fs-3.0.11.tgz#7613c778a1afea62f25c630a086d7f3acbbdd818"
    dependencies:
      natives "^1.1.0"
  
  grunt-autoprefixer@~0.6.4:
    version "0.6.5"
    resolved "https://registry.yarnpkg.com/grunt-autoprefixer/-/grunt-autoprefixer-0.6.5.tgz#595014f674147fd6812a8e4cbf510d2e8d61f6da"
    dependencies:
      autoprefixer "~1.0.20140117"
      diff "~1.0.8"
  
  grunt-cli@^1.2.0:
    version "1.2.0"
    resolved "https://registry.yarnpkg.com/grunt-cli/-/grunt-cli-1.2.0.tgz#562b119ebb069ddb464ace2845501be97b35b6a8"
    dependencies:
      findup-sync "~0.3.0"
      grunt-known-options "~1.1.0"
      nopt "~3.0.6"
      resolve "~1.1.0"
  
  grunt-contrib-concat@~0.3.0:
    version "0.3.0"
    resolved "https://registry.yarnpkg.com/grunt-contrib-concat/-/grunt-contrib-concat-0.3.0.tgz#48fa0d4336d29b653ad8225a6bd6f856b4483e32"
  
  grunt-contrib-imagemin@^0.5.0:
    version "0.5.0"
    resolved "https://registry.yarnpkg.com/grunt-contrib-imagemin/-/grunt-contrib-imagemin-0.5.0.tgz#0fb1e3e164aa66bafe5ea1bf6ac51b42ed6a5e13"
    dependencies:
      async "~0.2.9"
      chalk "~0.4.0"
      filesize "~2.0.0"
      image-min "~0.1.1"
  
  grunt-contrib-sass@~0.6.0:
    version "0.6.0"
    resolved "https://registry.yarnpkg.com/grunt-contrib-sass/-/grunt-contrib-sass-0.6.0.tgz#8c61994783f23608f406622ccd07b087a08418e6"
    dependencies:
      async "~0.2.9"
      dargs "~0.1.0"
  
  grunt-contrib-uglify@~0.3.0:
    version "0.3.3"
    resolved "https://registry.yarnpkg.com/grunt-contrib-uglify/-/grunt-contrib-uglify-0.3.3.tgz#91f04d2ae0984c8bdf73ae6ee23f13cd5c44f0af"
    dependencies:
      chalk "~0.4.0"
      grunt-lib-contrib "~0.6.1"
      uglify-js "~2.4.0"
  
  grunt-contrib-watch@~0.5.3:
    version "0.5.3"
    resolved "https://registry.yarnpkg.com/grunt-contrib-watch/-/grunt-contrib-watch-0.5.3.tgz#7d9eb5465d506fa14faaca47e6e8790a82c1c9ee"
    dependencies:
      gaze "~0.4.0"
      tiny-lr "0.0.4"
  
  grunt-known-options@~1.1.0:
    version "1.1.0"
    resolved "https://registry.yarnpkg.com/grunt-known-options/-/grunt-known-options-1.1.0.tgz#a4274eeb32fa765da5a7a3b1712617ce3b144149"
  
  grunt-legacy-log-utils@~0.1.1:
    version "0.1.1"
    resolved "https://registry.yarnpkg.com/grunt-legacy-log-utils/-/grunt-legacy-log-utils-0.1.1.tgz#c0706b9dd9064e116f36f23fe4e6b048672c0f7e"
    dependencies:
      colors "~0.6.2"
      lodash "~2.4.1"
      underscore.string "~2.3.3"
  
  grunt-legacy-log@~0.1.0:
    version "0.1.3"
    resolved "https://registry.yarnpkg.com/grunt-legacy-log/-/grunt-legacy-log-0.1.3.tgz#ec29426e803021af59029f87d2f9cd7335a05531"
    dependencies:
      colors "~0.6.2"
      grunt-legacy-log-utils "~0.1.1"
      hooker "~0.2.3"
      lodash "~2.4.1"
      underscore.string "~2.3.3"
  
  grunt-legacy-util@~0.2.0:
    version "0.2.0"
    resolved "https://registry.yarnpkg.com/grunt-legacy-util/-/grunt-legacy-util-0.2.0.tgz#93324884dbf7e37a9ff7c026dff451d94a9e554b"
    dependencies:
      async "~0.1.22"
      exit "~0.1.1"
      getobject "~0.1.0"
      hooker "~0.2.3"
      lodash "~0.9.2"
      underscore.string "~2.2.1"
      which "~1.0.5"
  
  grunt-lib-contrib@~0.6.1:
    version "0.6.1"
    resolved "https://registry.yarnpkg.com/grunt-lib-contrib/-/grunt-lib-contrib-0.6.1.tgz#3f56adb7da06e814795ee2415b0ebe5fb8903ebb"
    dependencies:
      zlib-browserify "0.0.1"
  
  grunt@~0.4.2:
    version "0.4.5"
    resolved "https://registry.yarnpkg.com/grunt/-/grunt-0.4.5.tgz#56937cd5194324adff6d207631832a9d6ba4e7f0"
    dependencies:
      async "~0.1.22"
      coffee-script "~1.3.3"
      colors "~0.6.2"
      dateformat "1.0.2-1.2.3"
      eventemitter2 "~0.4.13"
      exit "~0.1.1"
      findup-sync "~0.1.2"
      getobject "~0.1.0"
      glob "~3.1.21"
      grunt-legacy-log "~0.1.0"
      grunt-legacy-util "~0.2.0"
      hooker "~0.2.3"
      iconv-lite "~0.2.11"
      js-yaml "~2.0.5"
      lodash "~0.9.2"
      minimatch "~0.2.12"
      nopt "~1.0.10"
      rimraf "~2.2.8"
      underscore.string "~2.2.1"
      which "~1.0.5"
  
  har-schema@^2.0.0:
    version "2.0.0"
    resolved "https://registry.yarnpkg.com/har-schema/-/har-schema-2.0.0.tgz#a94c2224ebcac04782a0d9035521f24735b7ec92"
  
  har-validator@~5.0.3:
    version "5.0.3"
    resolved "https://registry.yarnpkg.com/har-validator/-/har-validator-5.0.3.tgz#ba402c266194f15956ef15e0fcf242993f6a7dfd"
    dependencies:
      ajv "^5.1.0"
      har-schema "^2.0.0"
  
  has-ansi@^2.0.0:
    version "2.0.0"
    resolved "https://registry.yarnpkg.com/has-ansi/-/has-ansi-2.0.0.tgz#34f5049ce1ecdf2b0649af3ef24e45ed35416d91"
    dependencies:
      ansi-regex "^2.0.0"
  
  has-color@~0.1.0:
    version "0.1.7"
    resolved "https://registry.yarnpkg.com/has-color/-/has-color-0.1.7.tgz#67144a5260c34fc3cca677d041daf52fe7b78b2f"
  
  hooker@~0.2.3:
    version "0.2.3"
    resolved "https://registry.yarnpkg.com/hooker/-/hooker-0.2.3.tgz#b834f723cc4a242aa65963459df6d984c5d3d959"
  
  http-signature@~1.2.0:
    version "1.2.0"
    resolved "https://registry.yarnpkg.com/http-signature/-/http-signature-1.2.0.tgz#9aecd925114772f3d95b65a60abb8f7c18fbace1"
    dependencies:
      assert-plus "^1.0.0"
      jsprim "^1.2.2"
      sshpk "^1.7.0"
  
  iconv-lite@~0.2.11:
    version "0.2.11"
    resolved "https://registry.yarnpkg.com/iconv-lite/-/iconv-lite-0.2.11.tgz#1ce60a3a57864a292d1321ff4609ca4bb965adc8"
  
  image-min@~0.1.1:
    version "0.1.4"
    resolved "https://registry.yarnpkg.com/image-min/-/image-min-0.1.4.tgz#43f748fa599edd2b726586e7a8b0476daf0377c7"
    dependencies:
      filesize "~2.0.0"
      mkdirp "~0.3.5"
      mout "~0.7.1"
    optionalDependencies:
      gifsicle "~0.1.0"
      jpegtran-bin "~0.2.0"
      optipng-bin "~0.3.0"
  
  inflight@^1.0.4:
    version "1.0.6"
    resolved "https://registry.yarnpkg.com/inflight/-/inflight-1.0.6.tgz#49bd6331d7d02d0c09bc910a1075ba8165b56df9"
    dependencies:
      once "^1.3.0"
      wrappy "1"
  
  inherits@1:
    version "1.0.2"
    resolved "https://registry.yarnpkg.com/inherits/-/inherits-1.0.2.tgz#ca4309dadee6b54cc0b8d247e8d7c7a0975bdc9b"
  
  inherits@2, inherits@~2.0.0, inherits@~2.0.1:
    version "2.0.3"
    resolved "https://registry.yarnpkg.com/inherits/-/inherits-2.0.3.tgz#633c2c83e3da42a502f52466022480f4208261de"
  
  is-typedarray@~1.0.0:
    version "1.0.0"
    resolved "https://registry.yarnpkg.com/is-typedarray/-/is-typedarray-1.0.0.tgz#e479c80858df0c1b11ddda6940f96011fcda4a9a"
  
  isarray@0.0.1:
    version "0.0.1"
    resolved "https://registry.yarnpkg.com/isarray/-/isarray-0.0.1.tgz#8a18acfca9a8f4177e09abfc6038939b05d1eedf"
  
  isstream@~0.1.2:
    version "0.1.2"
    resolved "https://registry.yarnpkg.com/isstream/-/isstream-0.1.2.tgz#47e63f7af55afa6f92e1500e690eb8b8529c099a"
  
  jpegtran-bin@~0.2.0:
    version "0.2.8"
    resolved "https://registry.yarnpkg.com/jpegtran-bin/-/jpegtran-bin-0.2.8.tgz#759c1be0558de8701f87a90b7ae818d3060f712b"
    dependencies:
      bin-build "^0.1.0"
      bin-wrapper "^0.3.0"
      log-symbols "^1.0.0"
  
  js-yaml@~2.0.5:
    version "2.0.5"
    resolved "https://registry.yarnpkg.com/js-yaml/-/js-yaml-2.0.5.tgz#a25ae6509999e97df278c6719da11bd0687743a8"
    dependencies:
      argparse "~ 0.1.11"
      esprima "~ 1.0.2"
  
  js-yaml@~3.0.1:
    version "3.0.2"
    resolved "https://registry.yarnpkg.com/js-yaml/-/js-yaml-3.0.2.tgz#9937865f8e897a5e894e73c2c5cf2e89b32eb771"
    dependencies:
      argparse "~ 0.1.11"
      esprima "~ 1.0.2"
  
  jsbn@~0.1.0:
    version "0.1.1"
    resolved "https://registry.yarnpkg.com/jsbn/-/jsbn-0.1.1.tgz#a5e654c2e5a2deb5f201d96cefbca80c0ef2f513"
  
  json-schema-traverse@^0.3.0:
    version "0.3.1"
    resolved "https://registry.yarnpkg.com/json-schema-traverse/-/json-schema-traverse-0.3.1.tgz#349a6d44c53a51de89b40805c5d5e59b417d3340"
  
  json-schema@0.2.3:
    version "0.2.3"
    resolved "https://registry.yarnpkg.com/json-schema/-/json-schema-0.2.3.tgz#b480c892e59a2f05954ce727bd3f2a4e882f9e13"
  
  json-stringify-safe@~5.0.1:
    version "5.0.1"
    resolved "https://registry.yarnpkg.com/json-stringify-safe/-/json-stringify-safe-5.0.1.tgz#1296a2d58fd45f19a0f6ce01d65701e2c735b6eb"
  
  jsonfile@~1.1.0:
    version "1.1.1"
    resolved "https://registry.yarnpkg.com/jsonfile/-/jsonfile-1.1.1.tgz#da4fd6ad77f1a255203ea63c7bc32dc31ef64433"
  
  jsprim@^1.2.2:
    version "1.4.1"
    resolved "https://registry.yarnpkg.com/jsprim/-/jsprim-1.4.1.tgz#313e66bc1e5cc06e438bc1b7499c2e5c56acb6a2"
    dependencies:
      assert-plus "1.0.0"
      extsprintf "1.3.0"
      json-schema "0.2.3"
      verror "1.10.0"
  
  load-grunt-config@^0.7.1:
    version "0.7.2"
    resolved "https://registry.yarnpkg.com/load-grunt-config/-/load-grunt-config-0.7.2.tgz#ff40c768d051bedc48e04453c359718914695a66"
    dependencies:
      glob "~3.2.6"
      js-yaml "~3.0.1"
      load-grunt-tasks "~0.3.0"
      lodash-node "~2.4.1"
  
  load-grunt-tasks@~0.3.0:
    version "0.3.0"
    resolved "https://registry.yarnpkg.com/load-grunt-tasks/-/load-grunt-tasks-0.3.0.tgz#d5273e3d8689019b31d9cdd42e168399d3b45605"
    dependencies:
      findup-sync "~0.1.2"
      globule "~0.2.0"
  
  lodash-node@~2.4.1:
    version "2.4.1"
    resolved "https://registry.yarnpkg.com/lodash-node/-/lodash-node-2.4.1.tgz#ea82f7b100c733d1a42af76801e506105e2a80ec"
  
  lodash@~0.9.2:
    version "0.9.2"
    resolved "https://registry.yarnpkg.com/lodash/-/lodash-0.9.2.tgz#8f3499c5245d346d682e5b0d3b40767e09f1a92c"
  
  lodash@~1.0.1:
    version "1.0.2"
    resolved "https://registry.yarnpkg.com/lodash/-/lodash-1.0.2.tgz#8f57560c83b59fc270bd3d561b690043430e2551"
  
  lodash@~2.4.1:
    version "2.4.2"
    resolved "https://registry.yarnpkg.com/lodash/-/lodash-2.4.2.tgz#fadd834b9683073da179b3eae6d9c0d15053f73e"
  
  log-symbols@^1.0.0:
    version "1.0.2"
    resolved "https://registry.yarnpkg.com/log-symbols/-/log-symbols-1.0.2.tgz#376ff7b58ea3086a0f09facc74617eca501e1a18"
    dependencies:
      chalk "^1.0.0"
  
  lru-cache@2:
    version "2.7.3"
    resolved "https://registry.yarnpkg.com/lru-cache/-/lru-cache-2.7.3.tgz#6d4524e8b955f95d4f5b58851ce21dd72fb4e952"
  
  mime-db@~1.33.0:
    version "1.33.0"
    resolved "https://registry.yarnpkg.com/mime-db/-/mime-db-1.33.0.tgz#a3492050a5cb9b63450541e39d9788d2272783db"
  
  mime-types@^2.1.12, mime-types@~2.1.17:
    version "2.1.18"
    resolved "https://registry.yarnpkg.com/mime-types/-/mime-types-2.1.18.tgz#6f323f60a83d11146f831ff11fd66e2fe5503bb8"
    dependencies:
      mime-db "~1.33.0"
  
  minimatch@0.3:
    version "0.3.0"
    resolved "https://registry.yarnpkg.com/minimatch/-/minimatch-0.3.0.tgz#275d8edaac4f1bb3326472089e7949c8394699dd"
    dependencies:
      lru-cache "2"
      sigmund "~1.0.0"
  
  "minimatch@2 || 3", minimatch@^3.0.4:
    version "3.0.4"
    resolved "https://registry.yarnpkg.com/minimatch/-/minimatch-3.0.4.tgz#5166e286457f03306064be5497e8dbb0c3d32083"
    dependencies:
      brace-expansion "^1.1.7"
  
  minimatch@~0.2.11, minimatch@~0.2.12:
    version "0.2.14"
    resolved "https://registry.yarnpkg.com/minimatch/-/minimatch-0.2.14.tgz#c74e780574f63c6f9a090e90efbe6ef53a6a756a"
    dependencies:
      lru-cache "2"
      sigmund "~1.0.0"
  
  minimist@0.0.8:
    version "0.0.8"
    resolved "https://registry.yarnpkg.com/minimist/-/minimist-0.0.8.tgz#857fcabfc3397d2625b8228262e86aa7a011b05d"
  
  mkdirp@0.3.x, mkdirp@^0.3.5, mkdirp@~0.3.5:
    version "0.3.5"
    resolved "https://registry.yarnpkg.com/mkdirp/-/mkdirp-0.3.5.tgz#de3e5f8961c88c787ee1368df849ac4413eca8d7"
  
  mkdirp@0.5:
    version "0.5.1"
    resolved "https://registry.yarnpkg.com/mkdirp/-/mkdirp-0.5.1.tgz#30057438eac6cf7f8c4767f38648d6697d75c903"
    dependencies:
      minimist "0.0.8"
  
  mout@~0.7.1:
    version "0.7.1"
    resolved "https://registry.yarnpkg.com/mout/-/mout-0.7.1.tgz#218de2b0880b220d99f4fbaee3fc0c3a5310bda8"
  
  natives@^1.1.0:
    version "1.1.4"
    resolved "https://registry.yarnpkg.com/natives/-/natives-1.1.4.tgz#2f0f224fc9a7dd53407c7667c84cf8dbe773de58"
  
  ncp@~0.4.2:
    version "0.4.2"
    resolved "https://registry.yarnpkg.com/ncp/-/ncp-0.4.2.tgz#abcc6cbd3ec2ed2a729ff6e7c1fa8f01784a8574"
  
  nopt@^2.2.0:
    version "2.2.1"
    resolved "https://registry.yarnpkg.com/nopt/-/nopt-2.2.1.tgz#2aa09b7d1768487b3b89a9c5aa52335bff0baea7"
    dependencies:
      abbrev "1"
  
  nopt@~1.0.10:
    version "1.0.10"
    resolved "https://registry.yarnpkg.com/nopt/-/nopt-1.0.10.tgz#6ddd21bd2a31417b92727dd585f8a6f37608ebee"
    dependencies:
      abbrev "1"
  
  nopt@~2.0.0:
    version "2.0.0"
    resolved "https://registry.yarnpkg.com/nopt/-/nopt-2.0.0.tgz#ca7416f20a5e3f9c3b86180f96295fa3d0b52e0d"
    dependencies:
      abbrev "1"
  
  nopt@~3.0.6:
    version "3.0.6"
    resolved "https://registry.yarnpkg.com/nopt/-/nopt-3.0.6.tgz#c6465dbf08abcd4db359317f79ac68a646b28ff9"
    dependencies:
      abbrev "1"
  
  noptify@latest:
    version "0.0.3"
    resolved "https://registry.yarnpkg.com/noptify/-/noptify-0.0.3.tgz#58f654a73d9753df0c51d9686dc92104a67f4bbb"
    dependencies:
      nopt "~2.0.0"
  
  oauth-sign@~0.8.2:
    version "0.8.2"
    resolved "https://registry.yarnpkg.com/oauth-sign/-/oauth-sign-0.8.2.tgz#46a6ab7f0aead8deae9ec0565780b7d4efeb9d43"
  
  object-assign@^0.3.0:
    version "0.3.1"
    resolved "https://registry.yarnpkg.com/object-assign/-/object-assign-0.3.1.tgz#060e2a2a27d7c0d77ec77b78f11aa47fd88008d2"
  
  object-keys@~0.4.0:
    version "0.4.0"
    resolved "https://registry.yarnpkg.com/object-keys/-/object-keys-0.4.0.tgz#28a6aae7428dd2c3a92f3d95f21335dd204e0336"
  
  once@^1.3.0:
    version "1.4.0"
    resolved "https://registry.yarnpkg.com/once/-/once-1.4.0.tgz#583b1aa775961d4b113ac17d9c50baef9dd76bd1"
    dependencies:
      wrappy "1"
  
  optipng-bin@~0.3.0:
    version "0.3.11"
    resolved "https://registry.yarnpkg.com/optipng-bin/-/optipng-bin-0.3.11.tgz#400d19329f29c508b89b478b5d42ba1afb3bd4ab"
    dependencies:
      bin-build "^0.1.0"
      bin-wrapper "^0.3.0"
      log-symbols "^1.0.0"
  
  path-is-absolute@^1.0.0:
    version "1.0.1"
    resolved "https://registry.yarnpkg.com/path-is-absolute/-/path-is-absolute-1.0.1.tgz#174b9268735534ffbc7ace6bf53a5a9e1b5c5f5f"
  
  performance-now@^2.1.0:
    version "2.1.0"
    resolved "https://registry.yarnpkg.com/performance-now/-/performance-now-2.1.0.tgz#6309f4e0e5fa913ec1c69307ae364b4b377c9e7b"
  
  postcss@~0.2:
    version "0.2.0"
    resolved "https://registry.yarnpkg.com/postcss/-/postcss-0.2.0.tgz#1615c6c5c5f9e19ca230022c4f93b5b1909e75c8"
    dependencies:
      source-map "*"
  
  punycode@^1.4.1:
    version "1.4.1"
    resolved "https://registry.yarnpkg.com/punycode/-/punycode-1.4.1.tgz#c0d5a63b2718800ad8e1eb0fa5269c84dd41845e"
  
  qs@~0.5.2:
    version "0.5.6"
    resolved "https://registry.yarnpkg.com/qs/-/qs-0.5.6.tgz#31b1ad058567651c526921506b9a8793911a0384"
  
  qs@~6.5.1:
    version "6.5.2"
    resolved "https://registry.yarnpkg.com/qs/-/qs-6.5.2.tgz#cb3ae806e8740444584ef154ce8ee98d403f3e36"
  
  readable-stream@~1.0.17:
    version "1.0.34"
    resolved "https://registry.yarnpkg.com/readable-stream/-/readable-stream-1.0.34.tgz#125820e34bc842d2f2aaafafe4c2916ee32c157c"
    dependencies:
      core-util-is "~1.0.0"
      inherits "~2.0.1"
      isarray "0.0.1"
      string_decoder "~0.10.x"
  
  request@^2.34.0:
    version "2.87.0"
    resolved "https://registry.yarnpkg.com/request/-/request-2.87.0.tgz#32f00235cd08d482b4d0d68db93a829c0ed5756e"
    dependencies:
      aws-sign2 "~0.7.0"
      aws4 "^1.6.0"
      caseless "~0.12.0"
      combined-stream "~1.0.5"
      extend "~3.0.1"
      forever-agent "~0.6.1"
      form-data "~2.3.1"
      har-validator "~5.0.3"
      http-signature "~1.2.0"
      is-typedarray "~1.0.0"
      isstream "~0.1.2"
      json-stringify-safe "~5.0.1"
      mime-types "~2.1.17"
      oauth-sign "~0.8.2"
      performance-now "^2.1.0"
      qs "~6.5.1"
      safe-buffer "^5.1.1"
      tough-cookie "~2.3.3"
      tunnel-agent "^0.6.0"
      uuid "^3.1.0"
  
  resolve@~1.1.0:
    version "1.1.7"
    resolved "https://registry.yarnpkg.com/resolve/-/resolve-1.1.7.tgz#203114d82ad2c5ed9e8e0411b3932875e889e97b"
  
  rimraf@2, rimraf@^2.2.2, rimraf@^2.2.6:
    version "2.6.2"
    resolved "https://registry.yarnpkg.com/rimraf/-/rimraf-2.6.2.tgz#2ed8150d24a16ea8651e6d6ef0f47c4158ce7a36"
    dependencies:
      glob "^7.0.5"
  
  rimraf@~2.2.0, rimraf@~2.2.8:
    version "2.2.8"
    resolved "https://registry.yarnpkg.com/rimraf/-/rimraf-2.2.8.tgz#e439be2aaee327321952730f99a8929e4fc50582"
  
  safe-buffer@^5.0.1, safe-buffer@^5.1.1:
    version "5.1.2"
    resolved "https://registry.yarnpkg.com/safe-buffer/-/safe-buffer-5.1.2.tgz#991ec69d296e0313747d59bdfd2b745c35f8828d"
  
  safer-buffer@^2.0.2:
    version "2.1.2"
    resolved "https://registry.yarnpkg.com/safer-buffer/-/safer-buffer-2.1.2.tgz#44fa161b0187b9549dd84bb91802f9bd8385cd6a"
  
  sigmund@~1.0.0:
    version "1.0.1"
    resolved "https://registry.yarnpkg.com/sigmund/-/sigmund-1.0.1.tgz#3ff21f198cad2175f9f3b781853fd94d0d19b590"
  
  source-map@*:
    version "0.7.3"
    resolved "https://registry.yarnpkg.com/source-map/-/source-map-0.7.3.tgz#5302f8169031735226544092e64981f751750383"
  
  source-map@0.1.34:
    version "0.1.34"
    resolved "https://registry.yarnpkg.com/source-map/-/source-map-0.1.34.tgz#a7cfe89aec7b1682c3b198d0acfb47d7d090566b"
    dependencies:
      amdefine ">=0.0.4"
  
  sshpk@^1.7.0:
    version "1.14.2"
    resolved "https://registry.yarnpkg.com/sshpk/-/sshpk-1.14.2.tgz#c6fc61648a3d9c4e764fd3fcdf4ea105e492ba98"
    dependencies:
      asn1 "~0.2.3"
      assert-plus "^1.0.0"
      dashdash "^1.12.0"
      getpass "^0.1.1"
      safer-buffer "^2.0.2"
    optionalDependencies:
      bcrypt-pbkdf "^1.0.0"
      ecc-jsbn "~0.1.1"
      jsbn "~0.1.0"
      tweetnacl "~0.14.0"
  
  stream-combiner@^0.0.4:
    version "0.0.4"
    resolved "https://registry.yarnpkg.com/stream-combiner/-/stream-combiner-0.0.4.tgz#4d5e433c185261dde623ca3f44c586bcf5c4ad14"
    dependencies:
      duplexer "~0.1.1"
  
  string_decoder@~0.10.x:
    version "0.10.31"
    resolved "https://registry.yarnpkg.com/string_decoder/-/string_decoder-0.10.31.tgz#62e203bc41766c6c28c9fc84301dab1c5310fa94"
  
  strip-ansi@^3.0.0:
    version "3.0.1"
    resolved "https://registry.yarnpkg.com/strip-ansi/-/strip-ansi-3.0.1.tgz#6a385fb8853d952d5ff05d0e8aaf94278dc63dcf"
    dependencies:
      ansi-regex "^2.0.0"
  
  strip-ansi@~0.1.0:
    version "0.1.1"
    resolved "https://registry.yarnpkg.com/strip-ansi/-/strip-ansi-0.1.1.tgz#39e8a98d044d150660abe4a6808acf70bb7bc991"
  
  supports-color@^2.0.0:
    version "2.0.0"
    resolved "https://registry.yarnpkg.com/supports-color/-/supports-color-2.0.0.tgz#535d045ce6b6363fa40117084629995e9df324c7"
  
  tar@^0.1.18:
    version "0.1.20"
    resolved "https://registry.yarnpkg.com/tar/-/tar-0.1.20.tgz#42940bae5b5f22c74483699126f9f3f27449cb13"
    dependencies:
      block-stream "*"
      fstream "~0.1.28"
      inherits "2"
  
  tempfile@^0.1.2, tempfile@^0.1.3:
    version "0.1.3"
    resolved "https://registry.yarnpkg.com/tempfile/-/tempfile-0.1.3.tgz#7d6b710047339d39f847327a056dadf183103010"
    dependencies:
      uuid "~1.4.0"
  
  through2@^0.4.0:
    version "0.4.2"
    resolved "https://registry.yarnpkg.com/through2/-/through2-0.4.2.tgz#dbf5866031151ec8352bb6c4db64a2292a840b9b"
    dependencies:
      readable-stream "~1.0.17"
      xtend "~2.1.1"
  
  tiny-lr@0.0.4:
    version "0.0.4"
    resolved "https://registry.yarnpkg.com/tiny-lr/-/tiny-lr-0.0.4.tgz#80618547f63f697d05cb40c4c2c4b083521aefb6"
    dependencies:
      debug "~0.7.0"
      faye-websocket "~0.4.3"
      noptify latest
      qs "~0.5.2"
  
  tough-cookie@~2.3.3:
    version "2.3.4"
    resolved "https://registry.yarnpkg.com/tough-cookie/-/tough-cookie-2.3.4.tgz#ec60cee38ac675063ffc97a5c18970578ee83655"
    dependencies:
      punycode "^1.4.1"
  
  tunnel-agent@^0.6.0:
    version "0.6.0"
    resolved "https://registry.yarnpkg.com/tunnel-agent/-/tunnel-agent-0.6.0.tgz#27a5dea06b36b04a0a9966774b290868f0fc40fd"
    dependencies:
      safe-buffer "^5.0.1"
  
  tweetnacl@^0.14.3, tweetnacl@~0.14.0:
    version "0.14.5"
    resolved "https://registry.yarnpkg.com/tweetnacl/-/tweetnacl-0.14.5.tgz#5ae68177f192d4456269d108afa93ff8743f4f64"
  
  uglify-js@~2.4.0:
    version "2.4.24"
    resolved "https://registry.yarnpkg.com/uglify-js/-/uglify-js-2.4.24.tgz#fad5755c1e1577658bb06ff9ab6e548c95bebd6e"
    dependencies:
      async "~0.2.6"
      source-map "0.1.34"
      uglify-to-browserify "~1.0.0"
      yargs "~3.5.4"
  
  uglify-to-browserify@~1.0.0:
    version "1.0.2"
    resolved "https://registry.yarnpkg.com/uglify-to-browserify/-/uglify-to-browserify-1.0.2.tgz#6e0924d6bda6b5afe349e39a6d632850a0f882b7"
  
  underscore.string@~2.2.1:
    version "2.2.1"
    resolved "https://registry.yarnpkg.com/underscore.string/-/underscore.string-2.2.1.tgz#d7c0fa2af5d5a1a67f4253daee98132e733f0f19"
  
  underscore.string@~2.3.3:
    version "2.3.3"
    resolved "https://registry.yarnpkg.com/underscore.string/-/underscore.string-2.3.3.tgz#71c08bf6b428b1133f37e78fa3a21c82f7329b0d"
  
  underscore.string@~2.4.0:
    version "2.4.0"
    resolved "https://registry.yarnpkg.com/underscore.string/-/underscore.string-2.4.0.tgz#8cdd8fbac4e2d2ea1e7e2e8097c42f442280f85b"
  
  underscore@~1.7.0:
    version "1.7.0"
    resolved "https://registry.yarnpkg.com/underscore/-/underscore-1.7.0.tgz#6bbaf0877500d36be34ecaa584e0db9fef035209"
  
  uuid@^3.1.0:
    version "3.3.2"
    resolved "https://registry.yarnpkg.com/uuid/-/uuid-3.3.2.tgz#1b4af4955eb3077c501c23872fc6513811587131"
  
  uuid@~1.4.0:
    version "1.4.2"
    resolved "https://registry.yarnpkg.com/uuid/-/uuid-1.4.2.tgz#453019f686966a6df83cdc5244e7c990ecc332fc"
  
  verror@1.10.0:
    version "1.10.0"
    resolved "https://registry.yarnpkg.com/verror/-/verror-1.10.0.tgz#3a105ca17053af55d6e270c1f8288682e18da400"
    dependencies:
      assert-plus "^1.0.0"
      core-util-is "1.0.2"
      extsprintf "^1.2.0"
  
  which@~1.0.5:
    version "1.0.9"
    resolved "https://registry.yarnpkg.com/which/-/which-1.0.9.tgz#460c1da0f810103d0321a9b633af9e575e64486f"
  
  window-size@0.1.0:
    version "0.1.0"
    resolved "https://registry.yarnpkg.com/window-size/-/window-size-0.1.0.tgz#5438cd2ea93b202efa3a19fe8887aee7c94f9c9d"
  
  wordwrap@0.0.2:
    version "0.0.2"
    resolved "https://registry.yarnpkg.com/wordwrap/-/wordwrap-0.0.2.tgz#b79669bb42ecb409f83d583cad52ca17eaa1643f"
  
  wrappy@1:
    version "1.0.2"
    resolved "https://registry.yarnpkg.com/wrappy/-/wrappy-1.0.2.tgz#b5243d8f3ec1aa35f1364605bc0d1036e30ab69f"
  
  xtend@~2.1.1:
    version "2.1.2"
    resolved "https://registry.yarnpkg.com/xtend/-/xtend-2.1.2.tgz#6efecc2a4dad8e6962c4901b337ce7ba87b5d28b"
    dependencies:
      object-keys "~0.4.0"
  
  yargs@~3.5.4:
    version "3.5.4"
    resolved "https://registry.yarnpkg.com/yargs/-/yargs-3.5.4.tgz#d8aff8f665e94c34bd259bdebd1bfaf0ddd35361"
    dependencies:
      camelcase "^1.0.2"
      decamelize "^1.0.0"
      window-size "0.1.0"
      wordwrap "0.0.2"
  
  zlib-browserify@0.0.1:
    version "0.0.1"
    resolved "https://registry.yarnpkg.com/zlib-browserify/-/zlib-browserify-0.0.1.tgz#4fa6a45d00dbc15f318a4afa1d9afc0258e176cc"

Trace: 
  Error: Command failed.
  Exit code: 3
  Command: sh
  Arguments: -c grunt --trace
  Directory: /Users/paulh16/sites/ohsaafb
  Output:
  
      at ProcessTermError.MessageError (/usr/local/Cellar/yarn/1.5.1_1/libexec/lib/cli.js:186:110)
      at new ProcessTermError (/usr/local/Cellar/yarn/1.5.1_1/libexec/lib/cli.js:226:113)
      at ChildProcess.<anonymous> (/usr/local/Cellar/yarn/1.5.1_1/libexec/lib/cli.js:30281:17)
      at ChildProcess.emit (events.js:180:13)
      at maybeClose (internal/child_process.js:936:16)
      at Process.ChildProcess._handle.onexit (internal/child_process.js:220:5)
